<?xml version="1.0" encoding="UTF-8"?>
<testsuite xmlns:xsi="http://www.w3.org/2001/XMLSchema-instance" xsi:noNamespaceSchemaLocation="https://maven.apache.org/surefire/maven-surefire-plugin/xsd/surefire-test-report.xsd" name="AppTest" time="0.035" tests="6" errors="0" skipped="0" failures="0">
  <properties>
[...]
</properties>
  <testcase name="appLoginShouldThrowANullPointerExceptionWhenUserIsNull" classname="AppTest" time="0.004"/>
  <testcase name="promoteToAdminRoleShouldThrowANullPointerExceptionWhenUserIsNull" classname="AppTest" time="0"/>
  <testcase name="promoteToAdminRoleShouldPromoteTheUserToAdmin" classname="AppTest" time="0"/>
  <testcase name="appCreateNewShouldAddAllNewUsersToItsUsersList" classname="AppTest" time="0"/>
  <testcase name="appCreateNewShouldReturnNewlyAddedUserAndsAlsoAddItToTheUsersList" classname="AppTest" time="0"/>
  <testcase name="appLoginShouldReturnAnExistingUserFromUsersListAndAuthenticateThisUser" classname="AppTest" time="0"/>
</testsuite>